2019-10-12 15:50:48.924  INFO 21752 --- [restartedMain] com.jerrychen.community.DemoApplication  : Starting DemoApplication on bogon with PID 21752 (/Users/JerryChen/IdeaProjects/community/target/classes started by JerryChen in /Users/JerryChen/IdeaProjects/community)
2019-10-12 15:50:48.936  INFO 21752 --- [restartedMain] com.jerrychen.community.DemoApplication  : No active profile set, falling back to default profiles: default
2019-10-12 15:50:49.032  INFO 21752 --- [restartedMain] .e.DevToolsPropertyDefaultsPostProcessor : Devtools property defaults active! Set 'spring.devtools.add-properties' to 'false' to disable
2019-10-12 15:50:49.033  INFO 21752 --- [restartedMain] .e.DevToolsPropertyDefaultsPostProcessor : For additional web related logging consider setting the 'logging.level.web' property to 'DEBUG'
2019-10-12 15:50:51.083  INFO 21752 --- [restartedMain] trationDelegate$BeanPostProcessorChecker : Bean 'org.springframework.transaction.annotation.ProxyTransactionManagementConfiguration' of type [org.springframework.transaction.annotation.ProxyTransactionManagementConfiguration$$EnhancerBySpringCGLIB$$cbd8962a] is not eligible for getting processed by all BeanPostProcessors (for example: not eligible for auto-proxying)
2019-10-12 15:50:51.393  INFO 21752 --- [restartedMain] o.s.b.w.embedded.tomcat.TomcatWebServer  : Tomcat initialized with port(s): 8080 (http)
2019-10-12 15:50:51.436  INFO 21752 --- [restartedMain] o.apache.catalina.core.StandardService   : Starting service [Tomcat]
2019-10-12 15:50:51.436  INFO 21752 --- [restartedMain] org.apache.catalina.core.StandardEngine  : Starting Servlet engine: [Apache Tomcat/9.0.22]
2019-10-12 15:50:51.521  INFO 21752 --- [restartedMain] o.a.c.c.C.[Tomcat].[localhost].[/]       : Initializing Spring embedded WebApplicationContext
2019-10-12 15:50:51.521  INFO 21752 --- [restartedMain] o.s.web.context.ContextLoader            : Root WebApplicationContext: initialization completed in 2488 ms
2019-10-12 15:50:52.476  INFO 21752 --- [restartedMain] pertySourcedRequestMappingHandlerMapping : Mapped URL path [/v2/api-docs] onto method [public org.springframework.http.ResponseEntity<springfox.documentation.spring.web.json.Json> springfox.documentation.swagger2.web.Swagger2Controller.getDocumentation(java.lang.String,javax.servlet.http.HttpServletRequest)]
2019-10-12 15:50:52.638  INFO 21752 --- [restartedMain] o.s.s.concurrent.ThreadPoolTaskExecutor  : Initializing ExecutorService 'applicationTaskExecutor'
2019-10-12 15:50:52.736  INFO 21752 --- [restartedMain] o.s.b.d.a.OptionalLiveReloadServer       : LiveReload server is running on port 35729
2019-10-12 15:50:52.784  INFO 21752 --- [restartedMain] o.s.b.a.w.s.WelcomePageHandlerMapping    : Adding welcome page template: index
2019-10-12 15:50:53.070  INFO 21752 --- [restartedMain] d.s.w.p.DocumentationPluginsBootstrapper : Context refreshed
2019-10-12 15:50:53.114  INFO 21752 --- [restartedMain] d.s.w.p.DocumentationPluginsBootstrapper : Found 1 custom documentation plugin(s)
2019-10-12 15:50:53.164  INFO 21752 --- [restartedMain] s.d.s.w.s.ApiListingReferenceScanner     : Scanning for api listing references
2019-10-12 15:50:53.443  INFO 21752 --- [restartedMain] .d.s.w.r.o.CachingOperationNameGenerator : Generating unique operation named: profileUsingGET_1
2019-10-12 15:50:53.508  INFO 21752 --- [restartedMain] o.s.b.w.embedded.tomcat.TomcatWebServer  : Tomcat started on port(s): 8080 (http) with context path ''
2019-10-12 15:50:53.516  INFO 21752 --- [restartedMain] com.jerrychen.community.DemoApplication  : Started DemoApplication in 5.193 seconds (JVM running for 6.584)
2019-10-12 15:50:58.288  INFO 21752 --- [http-nio-8080-exec-1] o.a.c.c.C.[Tomcat].[localhost].[/]       : Initializing Spring DispatcherServlet 'dispatcherServlet'
2019-10-12 15:50:58.289  INFO 21752 --- [http-nio-8080-exec-1] o.s.web.servlet.DispatcherServlet        : Initializing Servlet 'dispatcherServlet'
2019-10-12 15:50:58.299  INFO 21752 --- [http-nio-8080-exec-1] o.s.web.servlet.DispatcherServlet        : Completed initialization in 9 ms
2019-10-12 15:50:58.359  INFO 21752 --- [http-nio-8080-exec-1] com.zaxxer.hikari.HikariDataSource       : HikariPool-1 - Starting...
2019-10-12 15:50:58.707  INFO 21752 --- [http-nio-8080-exec-1] com.zaxxer.hikari.HikariDataSource       : HikariPool-1 - Start completed.
2019-10-12 15:53:46.610  INFO 21752 --- [Thread-8] o.s.s.concurrent.ThreadPoolTaskExecutor  : Shutting down ExecutorService 'applicationTaskExecutor'
2019-10-12 15:53:46.614  INFO 21752 --- [Thread-8] com.zaxxer.hikari.HikariDataSource       : HikariPool-1 - Shutdown initiated...
2019-10-12 15:53:46.631  INFO 21752 --- [Thread-8] com.zaxxer.hikari.HikariDataSource       : HikariPool-1 - Shutdown completed.
