2019-10-12 16:08:37.970  INFO 21996 --- [restartedMain] com.jerrychen.community.DemoApplication  : Starting DemoApplication on bogon with PID 21996 (/Users/JerryChen/IdeaProjects/community/target/classes started by JerryChen in /Users/JerryChen/IdeaProjects/community)
2019-10-12 16:08:37.970  INFO 21996 --- [restartedMain] com.jerrychen.community.DemoApplication  : No active profile set, falling back to default profiles: default
2019-10-12 16:08:38.768  INFO 21996 --- [restartedMain] trationDelegate$BeanPostProcessorChecker : Bean 'org.springframework.transaction.annotation.ProxyTransactionManagementConfiguration' of type [org.springframework.transaction.annotation.ProxyTransactionManagementConfiguration$$EnhancerBySpringCGLIB$$2390339e] is not eligible for getting processed by all BeanPostProcessors (for example: not eligible for auto-proxying)
2019-10-12 16:08:38.862  INFO 21996 --- [restartedMain] o.s.b.w.embedded.tomcat.TomcatWebServer  : Tomcat initialized with port(s): 8080 (http)
2019-10-12 16:08:38.865  INFO 21996 --- [restartedMain] o.apache.catalina.core.StandardService   : Starting service [Tomcat]
2019-10-12 16:08:38.866  INFO 21996 --- [restartedMain] org.apache.catalina.core.StandardEngine  : Starting Servlet engine: [Apache Tomcat/9.0.22]
2019-10-12 16:08:38.880  INFO 21996 --- [restartedMain] o.a.c.c.C.[Tomcat].[localhost].[/]       : Initializing Spring embedded WebApplicationContext
2019-10-12 16:08:38.880  INFO 21996 --- [restartedMain] o.s.web.context.ContextLoader            : Root WebApplicationContext: initialization completed in 907 ms
2019-10-12 16:08:39.537  INFO 21996 --- [restartedMain] pertySourcedRequestMappingHandlerMapping : Mapped URL path [/v2/api-docs] onto method [public org.springframework.http.ResponseEntity<springfox.documentation.spring.web.json.Json> springfox.documentation.swagger2.web.Swagger2Controller.getDocumentation(java.lang.String,javax.servlet.http.HttpServletRequest)]
2019-10-12 16:08:39.614  INFO 21996 --- [restartedMain] o.s.s.concurrent.ThreadPoolTaskExecutor  : Initializing ExecutorService 'applicationTaskExecutor'
2019-10-12 16:08:39.631  INFO 21996 --- [restartedMain] o.s.b.d.a.OptionalLiveReloadServer       : LiveReload server is running on port 35729
2019-10-12 16:08:39.640  INFO 21996 --- [restartedMain] o.s.b.a.w.s.WelcomePageHandlerMapping    : Adding welcome page template: index
2019-10-12 16:08:39.811  INFO 21996 --- [restartedMain] d.s.w.p.DocumentationPluginsBootstrapper : Context refreshed
2019-10-12 16:08:39.814  INFO 21996 --- [restartedMain] d.s.w.p.DocumentationPluginsBootstrapper : Found 1 custom documentation plugin(s)
2019-10-12 16:08:39.821  INFO 21996 --- [restartedMain] s.d.s.w.s.ApiListingReferenceScanner     : Scanning for api listing references
2019-10-12 16:08:39.911  INFO 21996 --- [restartedMain] .d.s.w.r.o.CachingOperationNameGenerator : Generating unique operation named: profileUsingGET_1
2019-10-12 16:08:39.932  INFO 21996 --- [restartedMain] o.s.b.w.embedded.tomcat.TomcatWebServer  : Tomcat started on port(s): 8080 (http) with context path ''
2019-10-12 16:08:39.933  INFO 21996 --- [restartedMain] com.jerrychen.community.DemoApplication  : Started DemoApplication in 1.995 seconds (JVM running for 156.759)
2019-10-12 16:08:39.939  INFO 21996 --- [restartedMain] .ConditionEvaluationDeltaLoggingListener : Condition evaluation unchanged
2019-10-12 16:12:31.922  INFO 21996 --- [Thread-9] o.s.s.concurrent.ThreadPoolTaskExecutor  : Shutting down ExecutorService 'applicationTaskExecutor'
2019-10-12 16:12:32.054  INFO 21996 --- [restartedMain] com.jerrychen.community.DemoApplication  : Starting DemoApplication on bogon with PID 21996 (/Users/JerryChen/IdeaProjects/community/target/classes started by JerryChen in /Users/JerryChen/IdeaProjects/community)
2019-10-12 16:12:32.055  INFO 21996 --- [restartedMain] com.jerrychen.community.DemoApplication  : No active profile set, falling back to default profiles: default
2019-10-12 16:12:33.094  INFO 21996 --- [restartedMain] trationDelegate$BeanPostProcessorChecker : Bean 'org.springframework.transaction.annotation.ProxyTransactionManagementConfiguration' of type [org.springframework.transaction.annotation.ProxyTransactionManagementConfiguration$$EnhancerBySpringCGLIB$$2390339e] is not eligible for getting processed by all BeanPostProcessors (for example: not eligible for auto-proxying)
2019-10-12 16:12:33.230  INFO 21996 --- [restartedMain] o.s.b.w.embedded.tomcat.TomcatWebServer  : Tomcat initialized with port(s): 8080 (http)
2019-10-12 16:12:33.233  INFO 21996 --- [restartedMain] o.apache.catalina.core.StandardService   : Starting service [Tomcat]
2019-10-12 16:12:33.233  INFO 21996 --- [restartedMain] org.apache.catalina.core.StandardEngine  : Starting Servlet engine: [Apache Tomcat/9.0.22]
2019-10-12 16:12:33.254  INFO 21996 --- [restartedMain] o.a.c.c.C.[Tomcat].[localhost].[/]       : Initializing Spring embedded WebApplicationContext
2019-10-12 16:12:33.255  INFO 21996 --- [restartedMain] o.s.web.context.ContextLoader            : Root WebApplicationContext: initialization completed in 1197 ms
2019-10-12 16:12:34.171  INFO 21996 --- [restartedMain] pertySourcedRequestMappingHandlerMapping : Mapped URL path [/v2/api-docs] onto method [public org.springframework.http.ResponseEntity<springfox.documentation.spring.web.json.Json> springfox.documentation.swagger2.web.Swagger2Controller.getDocumentation(java.lang.String,javax.servlet.http.HttpServletRequest)]
2019-10-12 16:12:34.248  INFO 21996 --- [restartedMain] o.s.s.concurrent.ThreadPoolTaskExecutor  : Initializing ExecutorService 'applicationTaskExecutor'
2019-10-12 16:12:34.269  INFO 21996 --- [restartedMain] o.s.b.d.a.OptionalLiveReloadServer       : LiveReload server is running on port 35729
2019-10-12 16:12:34.286  INFO 21996 --- [restartedMain] o.s.b.a.w.s.WelcomePageHandlerMapping    : Adding welcome page template: index
2019-10-12 16:12:34.491  INFO 21996 --- [restartedMain] d.s.w.p.DocumentationPluginsBootstrapper : Context refreshed
2019-10-12 16:12:34.493  INFO 21996 --- [restartedMain] d.s.w.p.DocumentationPluginsBootstrapper : Found 1 custom documentation plugin(s)
2019-10-12 16:12:34.507  INFO 21996 --- [restartedMain] s.d.s.w.s.ApiListingReferenceScanner     : Scanning for api listing references
2019-10-12 16:12:34.601  INFO 21996 --- [restartedMain] .d.s.w.r.o.CachingOperationNameGenerator : Generating unique operation named: profileUsingGET_1
2019-10-12 16:12:34.635  INFO 21996 --- [restartedMain] o.s.b.w.embedded.tomcat.TomcatWebServer  : Tomcat started on port(s): 8080 (http) with context path ''
2019-10-12 16:12:34.636  INFO 21996 --- [restartedMain] com.jerrychen.community.DemoApplication  : Started DemoApplication in 2.621 seconds (JVM running for 391.452)
2019-10-12 16:12:34.641  INFO 21996 --- [restartedMain] .ConditionEvaluationDeltaLoggingListener : Condition evaluation unchanged
2019-10-12 16:12:52.410  INFO 21996 --- [Thread-15] o.s.s.concurrent.ThreadPoolTaskExecutor  : Shutting down ExecutorService 'applicationTaskExecutor'
2019-10-12 16:12:52.551  INFO 21996 --- [restartedMain] com.jerrychen.community.DemoApplication  : Starting DemoApplication on bogon with PID 21996 (/Users/JerryChen/IdeaProjects/community/target/classes started by JerryChen in /Users/JerryChen/IdeaProjects/community)
2019-10-12 16:12:52.552  INFO 21996 --- [restartedMain] com.jerrychen.community.DemoApplication  : No active profile set, falling back to default profiles: default
2019-10-12 16:12:53.334  INFO 21996 --- [restartedMain] trationDelegate$BeanPostProcessorChecker : Bean 'org.springframework.transaction.annotation.ProxyTransactionManagementConfiguration' of type [org.springframework.transaction.annotation.ProxyTransactionManagementConfiguration$$EnhancerBySpringCGLIB$$2390339e] is not eligible for getting processed by all BeanPostProcessors (for example: not eligible for auto-proxying)
2019-10-12 16:12:53.427  INFO 21996 --- [restartedMain] o.s.b.w.embedded.tomcat.TomcatWebServer  : Tomcat initialized with port(s): 8080 (http)
2019-10-12 16:12:53.429  INFO 21996 --- [restartedMain] o.apache.catalina.core.StandardService   : Starting service [Tomcat]
2019-10-12 16:12:53.430  INFO 21996 --- [restartedMain] org.apache.catalina.core.StandardEngine  : Starting Servlet engine: [Apache Tomcat/9.0.22]
2019-10-12 16:12:53.447  INFO 21996 --- [restartedMain] o.a.c.c.C.[Tomcat].[localhost].[/]       : Initializing Spring embedded WebApplicationContext
2019-10-12 16:12:53.447  INFO 21996 --- [restartedMain] o.s.web.context.ContextLoader            : Root WebApplicationContext: initialization completed in 892 ms
2019-10-12 16:12:53.959  INFO 21996 --- [restartedMain] pertySourcedRequestMappingHandlerMapping : Mapped URL path [/v2/api-docs] onto method [public org.springframework.http.ResponseEntity<springfox.documentation.spring.web.json.Json> springfox.documentation.swagger2.web.Swagger2Controller.getDocumentation(java.lang.String,javax.servlet.http.HttpServletRequest)]
2019-10-12 16:12:54.039  INFO 21996 --- [restartedMain] o.s.s.concurrent.ThreadPoolTaskExecutor  : Initializing ExecutorService 'applicationTaskExecutor'
2019-10-12 16:12:54.057  INFO 21996 --- [restartedMain] o.s.b.d.a.OptionalLiveReloadServer       : LiveReload server is running on port 35729
2019-10-12 16:12:54.071  INFO 21996 --- [restartedMain] o.s.b.a.w.s.WelcomePageHandlerMapping    : Adding welcome page template: index
2019-10-12 16:12:54.257  INFO 21996 --- [restartedMain] d.s.w.p.DocumentationPluginsBootstrapper : Context refreshed
2019-10-12 16:12:54.259  INFO 21996 --- [restartedMain] d.s.w.p.DocumentationPluginsBootstrapper : Found 1 custom documentation plugin(s)
2019-10-12 16:12:54.269  INFO 21996 --- [restartedMain] s.d.s.w.s.ApiListingReferenceScanner     : Scanning for api listing references
2019-10-12 16:12:54.349  INFO 21996 --- [restartedMain] .d.s.w.r.o.CachingOperationNameGenerator : Generating unique operation named: profileUsingGET_1
2019-10-12 16:12:54.370  INFO 21996 --- [restartedMain] o.s.b.w.embedded.tomcat.TomcatWebServer  : Tomcat started on port(s): 8080 (http) with context path ''
2019-10-12 16:12:54.371  INFO 21996 --- [restartedMain] com.jerrychen.community.DemoApplication  : Started DemoApplication in 1.859 seconds (JVM running for 411.187)
2019-10-12 16:12:54.374  INFO 21996 --- [restartedMain] .ConditionEvaluationDeltaLoggingListener : Condition evaluation unchanged
